#
# There is insufficient memory for the Java Runtime Environment to continue.
# Native memory allocation (malloc) failed to allocate 224768 bytes for Chunk::new
# Possible reasons:
#   The system is out of physical RAM or swap space
#   The process is running with CompressedOops enabled, and the Java Heap may be blocking the growth of the native heap
# Possible solutions:
#   Reduce memory load on the system
#   Increase physical memory or swap space
#   Check if swap backing store is full
#   Decrease Java heap size (-Xmx/-Xms)
#   Decrease number of Java threads
#   Decrease Java thread stack sizes (-Xss)
#   Set larger code cache with -XX:ReservedCodeCacheSize=
#   JVM is running with Zero Based Compressed Oops mode in which the Java heap is
#     placed in the first 32GB address space. The Java Heap base address is the
#     maximum limit for the native heap growth. Please use -XX:HeapBaseMinAddress
#     to set the Java Heap base and to place the Java Heap above 32GB virtual address.
# This output file may be truncated or incomplete.
#
#  Out of Memory Error (arena.cpp:184), pid=24868, tid=24188
#
# JRE version: OpenJDK Runtime Environment Corretto-18.0.2.9.1 (18.0.2+9) (build 18.0.2+9-FR)
# Java VM: OpenJDK 64-Bit Server VM Corretto-18.0.2.9.1 (18.0.2+9-FR, mixed mode, sharing, tiered, compressed oops, compressed class ptrs, g1 gc, windows-amd64)
# No core dump will be written. Minidumps are not enabled by default on client versions of Windows
#

---------------  S U M M A R Y ------------

Command Line: -agentlib:jvmhook -Dfile.encoding=UTF-8 -XX:+ShowCodeDetailsInExceptionMessages -Xrunjvmhook -Xbootclasspath/a:C:\Program Files (x86)\Micro Focus\Unified Functional Testing\bin\java_shared\classes\jasmine.jar testPackage.MainRunner

Host: Intel(R) Xeon(R) Platinum 8370C CPU @ 2.80GHz, 4 cores, 15G,  Windows 10 , 64 bit Build 19041 (10.0.19041.2364)
Time: Fri Feb  3 20:14:02 2023 India Standard Time elapsed time: 481.375521 seconds (0d 0h 8m 1s)

---------------  T H R E A D  ---------------

Current thread (0x000001b108019b50):  JavaThread "C2 CompilerThread0" daemon [_thread_in_native, id=24188, stack(0x0000007eea700000,0x0000007eea800000)]


Current CompileTask:
C2: 481375 5980       4       java.text.SimpleDateFormat::subFormat (1264 bytes)

Stack: [0x0000007eea700000,0x0000007eea800000]
Native frames: (J=compiled Java code, j=interpreted, Vv=VM code, C=native code)
V  [jvm.dll+0x685a2a]
V  [jvm.dll+0x82ae8d]
V  [jvm.dll+0x82c75e]
V  [jvm.dll+0x82ce03]
V  [jvm.dll+0x25ef4b]
V  [jvm.dll+0xd42d2]
V  [jvm.dll+0xd4665]
V  [jvm.dll+0x38578b]
V  [jvm.dll+0x1d8993]
V  [jvm.dll+0x233b4f]
V  [jvm.dll+0x232f37]
V  [jvm.dll+0x1c0a35]
V  [jvm.dll+0x24212c]
V  [jvm.dll+0x240534]
V  [jvm.dll+0x7df6db]
V  [jvm.dll+0x7d9cba]
V  [jvm.dll+0x6848a5]
C  [ucrtbase.dll+0x21bb2]
C  [KERNEL32.DLL+0x17614]
C  [ntdll.dll+0x526a1]


---------------  P R O C E S S  ---------------

Threads class SMR info:
_java_thread_list=0x000001b10cafce60, length=17, elements={
0x000001b1614443a0, 0x000001b17d9955c0, 0x000001b17d9961e0, 0x000001b10800c120,
0x000001b10800c9d0, 0x000001b108010390, 0x000001b108010d30, 0x000001b108019b50,
0x000001b1080258f0, 0x000001b108026bf0, 0x000001b108148f90, 0x000001b1081550c0,
0x000001b1088c2390, 0x000001b1088ab3a0, 0x000001b10d0763c0, 0x000001b10d076890,
0x000001b108a66a30
}

Java Threads: ( => current thread )
  0x000001b1614443a0 JavaThread "main" [_thread_in_native, id=23544, stack(0x0000007ee9a00000,0x0000007ee9b00000)]
  0x000001b17d9955c0 JavaThread "Reference Handler" daemon [_thread_blocked, id=23908, stack(0x0000007eea100000,0x0000007eea200000)]
  0x000001b17d9961e0 JavaThread "Finalizer" daemon [_thread_blocked, id=23232, stack(0x0000007eea200000,0x0000007eea300000)]
  0x000001b10800c120 JavaThread "Signal Dispatcher" daemon [_thread_blocked, id=24540, stack(0x0000007eea300000,0x0000007eea400000)]
  0x000001b10800c9d0 JavaThread "Attach Listener" daemon [_thread_blocked, id=23464, stack(0x0000007eea400000,0x0000007eea500000)]
  0x000001b108010390 JavaThread "Service Thread" daemon [_thread_blocked, id=17516, stack(0x0000007eea500000,0x0000007eea600000)]
  0x000001b108010d30 JavaThread "Monitor Deflation Thread" daemon [_thread_blocked, id=23164, stack(0x0000007eea600000,0x0000007eea700000)]
=>0x000001b108019b50 JavaThread "C2 CompilerThread0" daemon [_thread_in_native, id=24188, stack(0x0000007eea700000,0x0000007eea800000)]
  0x000001b1080258f0 JavaThread "C1 CompilerThread0" daemon [_thread_blocked, id=13892, stack(0x0000007eea800000,0x0000007eea900000)]
  0x000001b108026bf0 JavaThread "Sweeper thread" daemon [_thread_blocked, id=1188, stack(0x0000007eea900000,0x0000007eeaa00000)]
  0x000001b108148f90 JavaThread "Notification Thread" daemon [_thread_blocked, id=22916, stack(0x0000007eeaa00000,0x0000007eeab00000)]
  0x000001b1081550c0 JavaThread "Common-Cleaner" daemon [_thread_blocked, id=24916, stack(0x0000007eeac00000,0x0000007eead00000)]
  0x000001b1088c2390 JavaThread "Java2D Disposer" daemon [_thread_blocked, id=23376, stack(0x0000007eeb100000,0x0000007eeb200000)]
  0x000001b1088ab3a0 JavaThread "AWT-Windows" daemon [_thread_in_native, id=3992, stack(0x0000007eeb300000,0x0000007eeb400000)]
  0x000001b10d0763c0 JavaThread "AWT-Shutdown" [_thread_blocked, id=23336, stack(0x0000007ee9800000,0x0000007ee9900000)]
  0x000001b10d076890 JavaThread "AWT-EventQueue-0" [_thread_blocked, id=25284, stack(0x0000007ee9900000,0x0000007ee9a00000)]
  0x000001b108a66a30 JavaThread "C2 CompilerThread1" daemon [_thread_in_native, id=14988, stack(0x0000007eeb500000,0x0000007eeb600000)]

Other Threads:
  0x000001b17d80cc70 VMThread "VM Thread" [stack: 0x0000007eea000000,0x0000007eea100000] [id=22140]
  0x000001b10814d460 WatcherThread "VM Periodic Task Thread" [stack: 0x0000007eeab00000,0x0000007eeac00000] [id=23588]
  0x000001b17d7c19b0 WorkerThread "GC Thread#0" [stack: 0x0000007ee9b00000,0x0000007ee9c00000] [id=22900]
  0x000001b1088e9720 WorkerThread "GC Thread#1" [stack: 0x0000007eead00000,0x0000007eeae00000] [id=23224]
  0x000001b1088e99c0 WorkerThread "GC Thread#2" [stack: 0x0000007eeae00000,0x0000007eeaf00000] [id=24332]
  0x000001b1088a5620 WorkerThread "GC Thread#3" [stack: 0x0000007eeaf00000,0x0000007eeb000000] [id=24960]
  0x000001b17d803f50 ConcurrentGCThread "G1 Main Marker" [stack: 0x0000007ee9c00000,0x0000007ee9d00000] [id=25436]
  0x000001b17d804c20 WorkerThread "G1 Conc#0" [stack: 0x0000007ee9d00000,0x0000007ee9e00000] [id=13952]
  0x000001b17d83cac0 ConcurrentGCThread "G1 Refine#0" [stack: 0x0000007ee9e00000,0x0000007ee9f00000] [id=13948]
  0x000001b1082b00f0 ConcurrentGCThread "G1 Refine#1" [stack: 0x0000007eeb000000,0x0000007eeb100000] [id=1588]
  0x000001b10c26c3a0 ConcurrentGCThread "G1 Refine#2" [stack: 0x0000007eeb600000,0x0000007eeb700000] [id=18016]
  0x000001b10b5dfae0 ConcurrentGCThread "G1 Refine#3" [stack: 0x0000007eeb700000,0x0000007eeb800000] [id=16628]
  0x000001b17d83d3d0 ConcurrentGCThread "G1 Service" [stack: 0x0000007ee9f00000,0x0000007eea000000] [id=23640]

Threads with active compile tasks:
C2 CompilerThread0   481604 5980       4       java.text.SimpleDateFormat::subFormat (1264 bytes)
C2 CompilerThread1   481604 6015       4       freemarker.template.DefaultObjectWrapper::wrap (354 bytes)

VM state: not at safepoint (normal execution)

VM Mutex/Monitor currently owned by a thread: None

Heap address: 0x0000000700000000, size: 4096 MB, Compressed Oops mode: Zero based, Oop shift amount: 3

CDS archive(s) mapped at: [0x0000000800000000-0x0000000800ba0000-0x0000000800ba0000), size 12189696, SharedBaseAddress: 0x0000000800000000, ArchiveRelocationMode: 0.
Compressed class space mapped at: 0x0000000800c00000-0x0000000840c00000, reserved size: 1073741824
Narrow klass base: 0x0000000800000000, Narrow klass shift: 0, Narrow klass range: 0x100000000

GC Precious Log:
 CardTable entry size: 512
 Card Set container configuration: InlinePtr #cards 4 size 8 Array Of Cards #cards 16 size 48 Howl #buckets 8 coarsen threshold 3686 Howl Bitmap #cards 512 size 80 coarsen threshold 460 Card regions per heap region 1 cards per card region 4096
 CPUs: 4 total, 4 available
 Memory: 16383M
 Large Page Support: Disabled
 NUMA Support: Disabled
 Compressed Oops: Enabled (Zero based)
 Heap Region Size: 2M
 Heap Min Capacity: 8M
 Heap Initial Capacity: 256M
 Heap Max Capacity: 4G
 Pre-touch: Disabled
 Parallel Workers: 4
 Concurrent Workers: 1
 Concurrent Refinement Workers: 4
 Periodic GC: Disabled

Heap:
 garbage-first heap   total 208896K, used 72551K [0x0000000700000000, 0x0000000800000000)
  region size 2048K, 6 young (12288K), 1 survivors (2048K)
 Metaspace       used 29313K, committed 29696K, reserved 1114112K
  class space    used 3308K, committed 3456K, reserved 1048576K

Heap Regions: E=young(eden), S=young(survivor), O=old, HS=humongous(starts), HC=humongous(continues), CS=collection set, F=free, OA=open archive, CA=closed archive, TAMS=top-at-mark-start (previous, next)
|   0|0x0000000700000000, 0x0000000700200000, 0x0000000700200000|100%|HS|  |TAMS 0x0000000700200000, 0x0000000700200000| Complete 
|   1|0x0000000700200000, 0x0000000700400000, 0x0000000700400000|100%|HC|  |TAMS 0x0000000700400000, 0x0000000700400000| Complete 
|   2|0x0000000700400000, 0x0000000700600000, 0x0000000700600000|100%| O|  |TAMS 0x0000000700600000, 0x0000000700600000| Untracked 
|   3|0x0000000700600000, 0x0000000700800000, 0x0000000700800000|100%| O|  |TAMS 0x0000000700800000, 0x0000000700800000| Untracked 
|   4|0x0000000700800000, 0x0000000700a00000, 0x0000000700a00000|100%| O|  |TAMS 0x0000000700a00000, 0x0000000700a00000| Untracked 
|   5|0x0000000700a00000, 0x0000000700c00000, 0x0000000700c00000|100%| O|  |TAMS 0x0000000700c00000, 0x0000000700c00000| Untracked 
|   6|0x0000000700c00000, 0x0000000700e00000, 0x0000000700e00000|100%| O|  |TAMS 0x0000000700e00000, 0x0000000700e00000| Untracked 
|   7|0x0000000700e00000, 0x0000000701000000, 0x0000000701000000|100%| O|  |TAMS 0x0000000700e00000, 0x0000000701000000| Untracked 
|   8|0x0000000701000000, 0x0000000701200000, 0x0000000701200000|100%| O|  |TAMS 0x0000000701000000, 0x0000000701200000| Untracked 
|   9|0x0000000701200000, 0x0000000701400000, 0x0000000701400000|100%|HS|  |TAMS 0x0000000701200000, 0x0000000701200000| Complete 
|  10|0x0000000701400000, 0x0000000701600000, 0x0000000701600000|100%|HC|  |TAMS 0x0000000701400000, 0x0000000701400000| Complete 
|  11|0x0000000701600000, 0x0000000701800000, 0x0000000701800000|100%|HC|  |TAMS 0x0000000701600000, 0x0000000701600000| Complete 
|  12|0x0000000701800000, 0x0000000701a00000, 0x0000000701a00000|100%|HS|  |TAMS 0x0000000701800000, 0x0000000701800000| Complete 
|  13|0x0000000701a00000, 0x0000000701c00000, 0x0000000701c00000|100%|HC|  |TAMS 0x0000000701a00000, 0x0000000701a00000| Complete 
|  14|0x0000000701c00000, 0x0000000701e00000, 0x0000000701e00000|100%|HC|  |TAMS 0x0000000701c00000, 0x0000000701c00000| Complete 
|  15|0x0000000701e00000, 0x0000000702000000, 0x0000000702000000|100%|HS|  |TAMS 0x0000000701e00000, 0x0000000701e00000| Complete 
|  16|0x0000000702000000, 0x0000000702200000, 0x0000000702200000|100%|HC|  |TAMS 0x0000000702000000, 0x0000000702000000| Complete 
|  17|0x0000000702200000, 0x0000000702400000, 0x0000000702400000|100%|HC|  |TAMS 0x0000000702200000, 0x0000000702200000| Complete 
|  18|0x0000000702400000, 0x0000000702600000, 0x0000000702600000|100%|HS|  |TAMS 0x0000000702400000, 0x0000000702400000| Complete 
|  19|0x0000000702600000, 0x0000000702800000, 0x0000000702800000|100%|HC|  |TAMS 0x0000000702600000, 0x0000000702600000| Complete 
|  20|0x0000000702800000, 0x0000000702a00000, 0x0000000702a00000|100%|HC|  |TAMS 0x0000000702800000, 0x0000000702800000| Complete 
|  21|0x0000000702a00000, 0x0000000702c00000, 0x0000000702c00000|100%|HS|  |TAMS 0x0000000702a00000, 0x0000000702a00000| Complete 
|  22|0x0000000702c00000, 0x0000000702c00000, 0x0000000702e00000|  0%| F|  |TAMS 0x0000000702c00000, 0x0000000702c00000| Untracked 
|  23|0x0000000702e00000, 0x0000000702e00000, 0x0000000703000000|  0%| F|  |TAMS 0x0000000702e00000, 0x0000000702e00000| Untracked 
|  24|0x0000000703000000, 0x0000000703000000, 0x0000000703200000|  0%| F|  |TAMS 0x0000000703000000, 0x0000000703000000| Untracked 
|  25|0x0000000703200000, 0x0000000703200000, 0x0000000703400000|  0%| F|  |TAMS 0x0000000703200000, 0x0000000703200000| Untracked 
|  26|0x0000000703400000, 0x0000000703400000, 0x0000000703600000|  0%| F|  |TAMS 0x0000000703400000, 0x0000000703400000| Untracked 
|  27|0x0000000703600000, 0x0000000703600000, 0x0000000703800000|  0%| F|  |TAMS 0x0000000703600000, 0x0000000703600000| Untracked 
|  28|0x0000000703800000, 0x0000000703800000, 0x0000000703a00000|  0%| F|  |TAMS 0x0000000703800000, 0x0000000703800000| Untracked 
|  29|0x0000000703a00000, 0x0000000703a00000, 0x0000000703c00000|  0%| F|  |TAMS 0x0000000703a00000, 0x0000000703a00000| Untracked 
|  30|0x0000000703c00000, 0x0000000703c00000, 0x0000000703e00000|  0%| F|  |TAMS 0x0000000703c00000, 0x0000000703c00000| Untracked 
|  31|0x0000000703e00000, 0x0000000703e00000, 0x0000000704000000|  0%| F|  |TAMS 0x0000000703e00000, 0x0000000703e00000| Untracked 
|  32|0x0000000704000000, 0x0000000704000000, 0x0000000704200000|  0%| F|  |TAMS 0x0000000704000000, 0x0000000704000000| Untracked 
|  33|0x0000000704200000, 0x0000000704200000, 0x0000000704400000|  0%| F|  |TAMS 0x0000000704200000, 0x0000000704200000| Untracked 
|  34|0x0000000704400000, 0x0000000704400000, 0x0000000704600000|  0%| F|  |TAMS 0x0000000704400000, 0x0000000704400000| Untracked 
|  35|0x0000000704600000, 0x0000000704600000, 0x0000000704800000|  0%| F|  |TAMS 0x0000000704600000, 0x0000000704600000| Untracked 
|  36|0x0000000704800000, 0x0000000704a00000, 0x0000000704a00000|100%|HS|  |TAMS 0x0000000704800000, 0x0000000704a00000| Complete 
|  37|0x0000000704a00000, 0x0000000704c00000, 0x0000000704c00000|100%|HC|  |TAMS 0x0000000704a00000, 0x0000000704c00000| Complete 
|  38|0x0000000704c00000, 0x0000000704e00000, 0x0000000704e00000|100%|HC|  |TAMS 0x0000000704c00000, 0x0000000704e00000| Complete 
|  39|0x0000000704e00000, 0x0000000705000000, 0x0000000705000000|100%|HS|  |TAMS 0x0000000704e00000, 0x0000000705000000| Complete 
|  40|0x0000000705000000, 0x0000000705200000, 0x0000000705200000|100%|HC|  |TAMS 0x0000000705000000, 0x0000000705200000| Complete 
|  41|0x0000000705200000, 0x0000000705400000, 0x0000000705400000|100%|HC|  |TAMS 0x0000000705200000, 0x0000000705400000| Complete 
|  42|0x0000000705400000, 0x000000070547b000, 0x0000000705600000| 24%| O|  |TAMS 0x0000000705400000, 0x000000070547b000| Untracked 
|  43|0x0000000705600000, 0x0000000705600000, 0x0000000705800000|  0%| F|  |TAMS 0x0000000705600000, 0x0000000705600000| Untracked 
|  44|0x0000000705800000, 0x0000000705800000, 0x0000000705a00000|  0%| F|  |TAMS 0x0000000705800000, 0x0000000705800000| Untracked 
|  45|0x0000000705a00000, 0x0000000705a00000, 0x0000000705c00000|  0%| F|  |TAMS 0x0000000705a00000, 0x0000000705a00000| Untracked 
|  46|0x0000000705c00000, 0x0000000705c00000, 0x0000000705e00000|  0%| F|  |TAMS 0x0000000705c00000, 0x0000000705c00000| Untracked 
|  47|0x0000000705e00000, 0x0000000705e00000, 0x0000000706000000|  0%| F|  |TAMS 0x0000000705e00000, 0x0000000705e00000| Untracked 
|  48|0x0000000706000000, 0x0000000706000000, 0x0000000706200000|  0%| F|  |TAMS 0x0000000706000000, 0x0000000706000000| Untracked 
|  49|0x0000000706200000, 0x0000000706200000, 0x0000000706400000|  0%| F|  |TAMS 0x0000000706200000, 0x0000000706200000| Untracked 
|  50|0x0000000706400000, 0x0000000706400000, 0x0000000706600000|  0%| F|  |TAMS 0x0000000706400000, 0x0000000706400000| Untracked 
|  51|0x0000000706600000, 0x0000000706600000, 0x0000000706800000|  0%| F|  |TAMS 0x0000000706600000, 0x0000000706600000| Untracked 
|  52|0x0000000706800000, 0x0000000706800000, 0x0000000706a00000|  0%| F|  |TAMS 0x0000000706800000, 0x0000000706800000| Untracked 
|  53|0x0000000706a00000, 0x0000000706a00000, 0x0000000706c00000|  0%| F|  |TAMS 0x0000000706a00000, 0x0000000706a00000| Untracked 
|  54|0x0000000706c00000, 0x0000000706c00000, 0x0000000706e00000|  0%| F|  |TAMS 0x0000000706c00000, 0x0000000706c00000| Untracked 
|  55|0x0000000706e00000, 0x0000000706e00000, 0x0000000707000000|  0%| F|  |TAMS 0x0000000706e00000, 0x0000000706e00000| Untracked 
|  56|0x0000000707000000, 0x0000000707000000, 0x0000000707200000|  0%| F|  |TAMS 0x0000000707000000, 0x0000000707000000| Untracked 
|  57|0x0000000707200000, 0x0000000707200000, 0x0000000707400000|  0%| F|  |TAMS 0x0000000707200000, 0x0000000707200000| Untracked 
|  58|0x0000000707400000, 0x0000000707400000, 0x0000000707600000|  0%| F|  |TAMS 0x0000000707400000, 0x0000000707400000| Untracked 
|  59|0x0000000707600000, 0x0000000707600000, 0x0000000707800000|  0%| F|  |TAMS 0x0000000707600000, 0x0000000707600000| Untracked 
|  60|0x0000000707800000, 0x0000000707800000, 0x0000000707a00000|  0%| F|  |TAMS 0x0000000707800000, 0x0000000707800000| Untracked 
|  61|0x0000000707a00000, 0x0000000707a00000, 0x0000000707c00000|  0%| F|  |TAMS 0x0000000707a00000, 0x0000000707a00000| Untracked 
|  62|0x0000000707c00000, 0x0000000707c00000, 0x0000000707e00000|  0%| F|  |TAMS 0x0000000707c00000, 0x0000000707c00000| Untracked 
|  63|0x0000000707e00000, 0x0000000707e00000, 0x0000000708000000|  0%| F|  |TAMS 0x0000000707e00000, 0x0000000707e00000| Untracked 
|  64|0x0000000708000000, 0x0000000708000000, 0x0000000708200000|  0%| F|  |TAMS 0x0000000708000000, 0x0000000708000000| Untracked 
|  65|0x0000000708200000, 0x0000000708200000, 0x0000000708400000|  0%| F|  |TAMS 0x0000000708200000, 0x0000000708200000| Untracked 
|  66|0x0000000708400000, 0x0000000708400000, 0x0000000708600000|  0%| F|  |TAMS 0x0000000708400000, 0x0000000708400000| Untracked 
|  67|0x0000000708600000, 0x0000000708600000, 0x0000000708800000|  0%| F|  |TAMS 0x0000000708600000, 0x0000000708600000| Untracked 
|  68|0x0000000708800000, 0x0000000708800000, 0x0000000708a00000|  0%| F|  |TAMS 0x0000000708800000, 0x0000000708800000| Untracked 
|  69|0x0000000708a00000, 0x0000000708a00000, 0x0000000708c00000|  0%| F|  |TAMS 0x0000000708a00000, 0x0000000708a00000| Untracked 
|  70|0x0000000708c00000, 0x0000000708c00000, 0x0000000708e00000|  0%| F|  |TAMS 0x0000000708c00000, 0x0000000708c00000| Untracked 
|  71|0x0000000708e00000, 0x0000000708e00000, 0x0000000709000000|  0%| F|  |TAMS 0x0000000708e00000, 0x0000000708e00000| Untracked 
|  72|0x0000000709000000, 0x0000000709000000, 0x0000000709200000|  0%| F|  |TAMS 0x0000000709000000, 0x0000000709000000| Untracked 
|  73|0x0000000709200000, 0x0000000709200000, 0x0000000709400000|  0%| F|  |TAMS 0x0000000709200000, 0x0000000709200000| Untracked 
|  74|0x0000000709400000, 0x0000000709400000, 0x0000000709600000|  0%| F|  |TAMS 0x0000000709400000, 0x0000000709400000| Untracked 
|  75|0x0000000709600000, 0x0000000709600000, 0x0000000709800000|  0%| F|  |TAMS 0x0000000709600000, 0x0000000709600000| Untracked 
|  76|0x0000000709800000, 0x0000000709800000, 0x0000000709a00000|  0%| F|  |TAMS 0x0000000709800000, 0x0000000709800000| Untracked 
|  77|0x0000000709a00000, 0x0000000709a00000, 0x0000000709c00000|  0%| F|  |TAMS 0x0000000709a00000, 0x0000000709a00000| Untracked 
|  78|0x0000000709c00000, 0x0000000709c00000, 0x0000000709e00000|  0%| F|  |TAMS 0x0000000709c00000, 0x0000000709c00000| Untracked 
|  79|0x0000000709e00000, 0x0000000709e00000, 0x000000070a000000|  0%| F|  |TAMS 0x0000000709e00000, 0x0000000709e00000| Untracked 
|  80|0x000000070a000000, 0x000000070a000000, 0x000000070a200000|  0%| F|  |TAMS 0x000000070a000000, 0x000000070a000000| Untracked 
|  81|0x000000070a200000, 0x000000070a200000, 0x000000070a400000|  0%| F|  |TAMS 0x000000070a200000, 0x000000070a200000| Untracked 
|  82|0x000000070a400000, 0x000000070a400000, 0x000000070a600000|  0%| F|  |TAMS 0x000000070a400000, 0x000000070a400000| Untracked 
|  83|0x000000070a600000, 0x000000070a600000, 0x000000070a800000|  0%| F|  |TAMS 0x000000070a600000, 0x000000070a600000| Untracked 
|  84|0x000000070a800000, 0x000000070a800000, 0x000000070aa00000|  0%| F|  |TAMS 0x000000070a800000, 0x000000070a800000| Untracked 
|  85|0x000000070aa00000, 0x000000070aa00000, 0x000000070ac00000|  0%| F|  |TAMS 0x000000070aa00000, 0x000000070aa00000| Untracked 
|  86|0x000000070ac00000, 0x000000070ac00000, 0x000000070ae00000|  0%| F|  |TAMS 0x000000070ac00000, 0x000000070ac00000| Untracked 
|  87|0x000000070ae00000, 0x000000070ae00000, 0x000000070b000000|  0%| F|  |TAMS 0x000000070ae00000, 0x000000070ae00000| Untracked 
|  88|0x000000070b000000, 0x000000070b000000, 0x000000070b200000|  0%| F|  |TAMS 0x000000070b000000, 0x000000070b000000| Untracked 
|  89|0x000000070b200000, 0x000000070b200000, 0x000000070b400000|  0%| F|  |TAMS 0x000000070b200000, 0x000000070b200000| Untracked 
|  90|0x000000070b400000, 0x000000070b400000, 0x000000070b600000|  0%| F|  |TAMS 0x000000070b400000, 0x000000070b400000| Untracked 
|  91|0x000000070b600000, 0x000000070b600000, 0x000000070b800000|  0%| F|  |TAMS 0x000000070b600000, 0x000000070b600000| Untracked 
|  92|0x000000070b800000, 0x000000070b800000, 0x000000070ba00000|  0%| F|  |TAMS 0x000000070b800000, 0x000000070b800000| Untracked 
|  93|0x000000070ba00000, 0x000000070bb00800, 0x000000070bc00000| 50%| E|  |TAMS 0x000000070ba00000, 0x000000070ba00000| Complete 
|  94|0x000000070bc00000, 0x000000070be00000, 0x000000070be00000|100%| E|CS|TAMS 0x000000070bc00000, 0x000000070bc00000| Complete 
|  95|0x000000070be00000, 0x000000070c000000, 0x000000070c000000|100%| E|CS|TAMS 0x000000070be00000, 0x000000070be00000| Complete 
|  96|0x000000070c000000, 0x000000070c200000, 0x000000070c200000|100%| E|CS|TAMS 0x000000070c000000, 0x000000070c000000| Complete 
|  97|0x000000070c200000, 0x000000070c25ecf8, 0x000000070c400000| 18%| S|CS|TAMS 0x000000070c200000, 0x000000070c200000| Complete 
| 127|0x000000070fe00000, 0x0000000710000000, 0x0000000710000000|100%| E|CS|TAMS 0x000000070fe00000, 0x000000070fe00000| Complete 
|2045|0x00000007ffa00000, 0x00000007ffc00000, 0x00000007ffc00000|100%| O|  |TAMS 0x00000007ffa00000, 0x00000007ffc00000| Untracked 
|2046|0x00000007ffc00000, 0x00000007ffe00000, 0x00000007ffe00000|100%| O|  |TAMS 0x00000007ffc00000, 0x00000007ffe00000| Untracked 
|2047|0x00000007ffe00000, 0x0000000800000000, 0x0000000800000000|100%| O|  |TAMS 0x00000007ffe00000, 0x0000000800000000| Untracked 

Card table byte_map: [0x000001b1787a0000,0x000001b178fa0000] _byte_map_base: 0x000001b174fa0000

Marking Bits (Prev, Next): (CMBitMap*) 0x000001b1614905a0, (CMBitMap*) 0x000001b161490560
 Prev Bits: [0x000001b100000000, 0x000001b104000000)
 Next Bits: [0x000001b1797a0000, 0x000001b17d7a0000)

Polling page: 0x000001b160ba0000

Metaspace:

Usage:
  Non-class:     25.40 MB used.
      Class:      3.23 MB used.
       Both:     28.63 MB used.

Virtual space:
  Non-class space:       64.00 MB reserved,      25.63 MB ( 40%) committed,  1 nodes.
      Class space:        1.00 GB reserved,       3.38 MB ( <1%) committed,  1 nodes.
             Both:        1.06 GB reserved,      29.00 MB (  3%) committed. 

Chunk freelists:
   Non-Class:  1.80 MB
       Class:  454.00 KB
        Both:  2.24 MB

MaxMetaspaceSize: unlimited
CompressedClassSpaceSize: 1.00 GB
Initial GC threshold: 21.00 MB
Current GC threshold: 35.31 MB
CDS: on
MetaspaceReclaimPolicy: balanced
 - commit_granule_bytes: 65536.
 - commit_granule_words: 8192.
 - virtual_space_node_default_size: 8388608.
 - enlarge_chunks_in_place: 1.
 - new_chunks_are_fully_committed: 0.
 - uncommit_free_chunks: 1.
 - use_allocation_guard: 0.


Internal statistics:

num_allocs_failed_limit: 3.
num_arena_births: 452.
num_arena_deaths: 0.
num_vsnodes_births: 2.
num_vsnodes_deaths: 0.
num_space_committed: 462.
num_space_uncommitted: 0.
num_chunks_returned_to_freelist: 3.
num_chunks_taken_from_freelist: 1221.
num_chunk_merges: 0.
num_chunk_splits: 822.
num_chunks_enlarged: 573.
num_inconsistent_stats: 0.

CodeHeap 'non-profiled nmethods': size=120000Kb used=3197Kb max_used=3197Kb free=116802Kb
 bounds [0x000001b170a70000, 0x000001b170d90000, 0x000001b177fa0000]
CodeHeap 'profiled nmethods': size=120000Kb used=11332Kb max_used=11332Kb free=108667Kb
 bounds [0x000001b169540000, 0x000001b16a060000, 0x000001b170a70000]
CodeHeap 'non-nmethods': size=5760Kb used=1566Kb max_used=1605Kb free=4193Kb
 bounds [0x000001b168fa0000, 0x000001b169210000, 0x000001b169540000]
 total_blobs=6074 nmethods=5126 adapters=860
 compilation: enabled
              stopped_count=0, restarted_count=0
 full_count=0

Compilation events (20 events):
Event: 481.313 Thread 0x000001b1080258f0 6002       1       com.aventstack.extentreports.model.Test::getName (5 bytes)
Event: 481.313 Thread 0x000001b1080258f0 nmethod 6002 0x000001b170d84390 code [0x000001b170d84520, 0x000001b170d845f8]
Event: 481.314 Thread 0x000001b1080258f0 6003       1       com.aventstack.extentreports.model.Test::getEndTime (5 bytes)
Event: 481.314 Thread 0x000001b1080258f0 nmethod 6003 0x000001b170d84690 code [0x000001b170d84820, 0x000001b170d848f8]
Event: 481.314 Thread 0x000001b1080258f0 6004       3       java.lang.invoke.LambdaForm$MH/0x0000000800f82400::invoke (42 bytes)
Event: 481.315 Thread 0x000001b1080258f0 nmethod 6004 0x000001b16a02e490 code [0x000001b16a02e6c0, 0x000001b16a02eff8]
Event: 481.319 Thread 0x000001b1080258f0 6005       3       java.lang.invoke.LambdaForm$MH/0x0000000800f82800::invoke (42 bytes)
Event: 481.320 Thread 0x000001b1080258f0 nmethod 6005 0x000001b16a02f290 code [0x000001b16a02f4c0, 0x000001b16a02fdf8]
Event: 481.320 Thread 0x000001b1080258f0 6006       1       com.aventstack.extentreports.model.Test::getScreenCaptureList (5 bytes)
Event: 481.320 Thread 0x000001b1080258f0 nmethod 6006 0x000001b170d84990 code [0x000001b170d84b20, 0x000001b170d84bf8]
Event: 481.325 Thread 0x000001b108019b50 nmethod 5993 0x000001b170d84c90 code [0x000001b170d84e40, 0x000001b170d855d8]
Event: 481.325 Thread 0x000001b108019b50 5976       4       freemarker.core.FMParserTokenManager::jjCheckNAddTwoStates (11 bytes)
Event: 481.327 Thread 0x000001b108019b50 nmethod 5976 0x000001b170d85a10 code [0x000001b170d85ba0, 0x000001b170d85d58]
Event: 481.327 Thread 0x000001b108019b50 5980       4       java.text.SimpleDateFormat::subFormat (1264 bytes)
Event: 481.339 Thread 0x000001b1080258f0 6010       3       java.lang.StringLatin1::lastIndexOf (125 bytes)
Event: 481.339 Thread 0x000001b1080258f0 nmethod 6010 0x000001b16a030090 code [0x000001b16a030260, 0x000001b16a0306f8]
Event: 481.341 Thread 0x000001b1080258f0 6011       3       freemarker.template.DefaultListAdapter::<init> (11 bytes)
Event: 481.341 Thread 0x000001b1080258f0 nmethod 6011 0x000001b16a030990 code [0x000001b16a030b40, 0x000001b16a030ce8]
Event: 481.343 Thread 0x000001b1080258f0 6012       3       freemarker.template.WrappingTemplateModel::<init> (42 bytes)
Event: 481.344 Thread 0x000001b1080258f0 nmethod 6012 0x000001b16a030d90 code [0x000001b16a030f80, 0x000001b16a0315d8]

GC Heap History (20 events):
Event: 466.059 GC heap before
{Heap before GC invocations=167 (full 0):
 garbage-first heap   total 208896K, used 107467K [0x0000000700000000, 0x0000000800000000)
  region size 2048K, 9 young (18432K), 1 survivors (2048K)
 Metaspace       used 29141K, committed 29504K, reserved 1114112K
  class space    used 3299K, committed 3456K, reserved 1048576K
}
Event: 466.063 GC heap after
{Heap after GC invocations=168 (full 0):
 garbage-first heap   total 208896K, used 37963K [0x0000000700000000, 0x0000000800000000)
  region size 2048K, 1 young (2048K), 1 survivors (2048K)
 Metaspace       used 29141K, committed 29504K, reserved 1114112K
  class space    used 3299K, committed 3456K, reserved 1048576K
}
Event: 467.442 GC heap before
{Heap before GC invocations=168 (full 0):
 garbage-first heap   total 208896K, used 93259K [0x0000000700000000, 0x0000000800000000)
  region size 2048K, 2 young (4096K), 1 survivors (2048K)
 Metaspace       used 29141K, committed 29504K, reserved 1114112K
  class space    used 3299K, committed 3456K, reserved 1048576K
}
Event: 467.445 GC heap after
{Heap after GC invocations=169 (full 0):
 garbage-first heap   total 208896K, used 37770K [0x0000000700000000, 0x0000000800000000)
  region size 2048K, 1 young (2048K), 1 survivors (2048K)
 Metaspace       used 29141K, committed 29504K, reserved 1114112K
  class space    used 3299K, committed 3456K, reserved 1048576K
}
Event: 469.081 GC heap before
{Heap before GC invocations=169 (full 0):
 garbage-first heap   total 208896K, used 93066K [0x0000000700000000, 0x0000000800000000)
  region size 2048K, 2 young (4096K), 1 survivors (2048K)
 Metaspace       used 29141K, committed 29504K, reserved 1114112K
  class space    used 3299K, committed 3456K, reserved 1048576K
}
Event: 469.083 GC heap after
{Heap after GC invocations=170 (full 0):
 garbage-first heap   total 208896K, used 37784K [0x0000000700000000, 0x0000000800000000)
  region size 2048K, 1 young (2048K), 1 survivors (2048K)
 Metaspace       used 29141K, committed 29504K, reserved 1114112K
  class space    used 3299K, committed 3456K, reserved 1048576K
}
Event: 470.456 GC heap before
{Heap before GC invocations=170 (full 0):
 garbage-first heap   total 208896K, used 93080K [0x0000000700000000, 0x0000000800000000)
  region size 2048K, 2 young (4096K), 1 survivors (2048K)
 Metaspace       used 29141K, committed 29504K, reserved 1114112K
  class space    used 3299K, committed 3456K, reserved 1048576K
}
Event: 470.460 GC heap after
{Heap after GC invocations=171 (full 0):
 garbage-first heap   total 208896K, used 37763K [0x0000000700000000, 0x0000000800000000)
  region size 2048K, 1 young (2048K), 1 survivors (2048K)
 Metaspace       used 29141K, committed 29504K, reserved 1114112K
  class space    used 3299K, committed 3456K, reserved 1048576K
}
Event: 472.095 GC heap before
{Heap before GC invocations=171 (full 0):
 garbage-first heap   total 208896K, used 93059K [0x0000000700000000, 0x0000000800000000)
  region size 2048K, 2 young (4096K), 1 survivors (2048K)
 Metaspace       used 29141K, committed 29504K, reserved 1114112K
  class space    used 3299K, committed 3456K, reserved 1048576K
}
Event: 472.098 GC heap after
{Heap after GC invocations=172 (full 0):
 garbage-first heap   total 208896K, used 37814K [0x0000000700000000, 0x0000000800000000)
  region size 2048K, 1 young (2048K), 1 survivors (2048K)
 Metaspace       used 29141K, committed 29504K, reserved 1114112K
  class space    used 3299K, committed 3456K, reserved 1048576K
}
Event: 473.483 GC heap before
{Heap before GC invocations=172 (full 0):
 garbage-first heap   total 208896K, used 93110K [0x0000000700000000, 0x0000000800000000)
  region size 2048K, 2 young (4096K), 1 survivors (2048K)
 Metaspace       used 29141K, committed 29504K, reserved 1114112K
  class space    used 3299K, committed 3456K, reserved 1048576K
}
Event: 473.486 GC heap after
{Heap after GC invocations=173 (full 0):
 garbage-first heap   total 208896K, used 37768K [0x0000000700000000, 0x0000000800000000)
  region size 2048K, 1 young (2048K), 1 survivors (2048K)
 Metaspace       used 29141K, committed 29504K, reserved 1114112K
  class space    used 3299K, committed 3456K, reserved 1048576K
}
Event: 475.127 GC heap before
{Heap before GC invocations=173 (full 0):
 garbage-first heap   total 208896K, used 93064K [0x0000000700000000, 0x0000000800000000)
  region size 2048K, 2 young (4096K), 1 survivors (2048K)
 Metaspace       used 29141K, committed 29504K, reserved 1114112K
  class space    used 3299K, committed 3456K, reserved 1048576K
}
Event: 475.129 GC heap after
{Heap after GC invocations=174 (full 0):
 garbage-first heap   total 208896K, used 37807K [0x0000000700000000, 0x0000000800000000)
  region size 2048K, 1 young (2048K), 1 survivors (2048K)
 Metaspace       used 29141K, committed 29504K, reserved 1114112K
  class space    used 3299K, committed 3456K, reserved 1048576K
}
Event: 476.505 GC heap before
{Heap before GC invocations=174 (full 0):
 garbage-first heap   total 208896K, used 93103K [0x0000000700000000, 0x0000000800000000)
  region size 2048K, 2 young (4096K), 1 survivors (2048K)
 Metaspace       used 29141K, committed 29504K, reserved 1114112K
  class space    used 3299K, committed 3456K, reserved 1048576K
}
Event: 476.507 GC heap after
{Heap after GC invocations=175 (full 0):
 garbage-first heap   total 208896K, used 37730K [0x0000000700000000, 0x0000000800000000)
  region size 2048K, 1 young (2048K), 1 survivors (2048K)
 Metaspace       used 29141K, committed 29504K, reserved 1114112K
  class space    used 3299K, committed 3456K, reserved 1048576K
}
Event: 478.569 GC heap before
{Heap before GC invocations=175 (full 0):
 garbage-first heap   total 208896K, used 97122K [0x0000000700000000, 0x0000000800000000)
  region size 2048K, 4 young (8192K), 1 survivors (2048K)
 Metaspace       used 29148K, committed 29504K, reserved 1114112K
  class space    used 3299K, committed 3456K, reserved 1048576K
}
Event: 478.572 GC heap after
{Heap after GC invocations=176 (full 0):
 garbage-first heap   total 208896K, used 37897K [0x0000000700000000, 0x0000000800000000)
  region size 2048K, 1 young (2048K), 1 survivors (2048K)
 Metaspace       used 29148K, committed 29504K, reserved 1114112K
  class space    used 3299K, committed 3456K, reserved 1048576K
}
Event: 480.510 GC heap before
{Heap before GC invocations=176 (full 0):
 garbage-first heap   total 208896K, used 93193K [0x0000000700000000, 0x0000000800000000)
  region size 2048K, 2 young (4096K), 1 survivors (2048K)
 Metaspace       used 29154K, committed 29504K, reserved 1114112K
  class space    used 3300K, committed 3456K, reserved 1048576K
}
Event: 480.511 GC heap after
{Heap after GC invocations=177 (full 0):
 garbage-first heap   total 208896K, used 37735K [0x0000000700000000, 0x0000000800000000)
  region size 2048K, 1 young (2048K), 1 survivors (2048K)
 Metaspace       used 29154K, committed 29504K, reserved 1114112K
  class space    used 3300K, committed 3456K, reserved 1048576K
}

Deoptimization events (20 events):
Event: 481.177 Thread 0x000001b1614443a0 Uncommon trap: trap_request=0xffffffde fr.pc=0x000001b170d291a0 relative=0x00000000000007c0
Event: 481.177 Thread 0x000001b1614443a0 Uncommon trap: reason=class_check action=maybe_recompile pc=0x000001b170d291a0 method=freemarker.core.Dot._eval(Lfreemarker/core/Environment;)Lfreemarker/template/TemplateModel; @ 10 c2
Event: 481.177 Thread 0x000001b1614443a0 DEOPT PACKING pc=0x000001b170d291a0 sp=0x0000007ee9afdd30
Event: 481.177 Thread 0x000001b1614443a0 DEOPT UNPACKING pc=0x000001b168ff5c23 sp=0x0000007ee9afdce8 mode 2
Event: 481.177 Thread 0x000001b1614443a0 Uncommon trap: trap_request=0xffffffde fr.pc=0x000001b170d291a0 relative=0x00000000000007c0
Event: 481.177 Thread 0x000001b1614443a0 Uncommon trap: reason=class_check action=maybe_recompile pc=0x000001b170d291a0 method=freemarker.core.Dot._eval(Lfreemarker/core/Environment;)Lfreemarker/template/TemplateModel; @ 10 c2
Event: 481.177 Thread 0x000001b1614443a0 DEOPT PACKING pc=0x000001b170d291a0 sp=0x0000007ee9afdd30
Event: 481.177 Thread 0x000001b1614443a0 DEOPT UNPACKING pc=0x000001b168ff5c23 sp=0x0000007ee9afdce8 mode 2
Event: 481.177 Thread 0x000001b1614443a0 Uncommon trap: trap_request=0xffffffde fr.pc=0x000001b170d291a0 relative=0x00000000000007c0
Event: 481.177 Thread 0x000001b1614443a0 Uncommon trap: reason=class_check action=maybe_recompile pc=0x000001b170d291a0 method=freemarker.core.Dot._eval(Lfreemarker/core/Environment;)Lfreemarker/template/TemplateModel; @ 10 c2
Event: 481.182 Thread 0x000001b1614443a0 DEOPT PACKING pc=0x000001b170d291a0 sp=0x0000007ee9afdd30
Event: 481.182 Thread 0x000001b1614443a0 DEOPT UNPACKING pc=0x000001b168ff5c23 sp=0x0000007ee9afdce8 mode 2
Event: 481.182 Thread 0x000001b1614443a0 Uncommon trap: trap_request=0xffffffde fr.pc=0x000001b170d291a0 relative=0x00000000000007c0
Event: 481.183 Thread 0x000001b1614443a0 Uncommon trap: reason=class_check action=maybe_recompile pc=0x000001b170d291a0 method=freemarker.core.Dot._eval(Lfreemarker/core/Environment;)Lfreemarker/template/TemplateModel; @ 10 c2
Event: 481.183 Thread 0x000001b1614443a0 DEOPT PACKING pc=0x000001b170d291a0 sp=0x0000007ee9afdd30
Event: 481.189 Thread 0x000001b1614443a0 DEOPT UNPACKING pc=0x000001b168ff5c23 sp=0x0000007ee9afdce8 mode 2
Event: 481.292 Thread 0x000001b1614443a0 Uncommon trap: trap_request=0xffffff6e fr.pc=0x000001b170d7ae4c relative=0x000000000000132c
Event: 481.292 Thread 0x000001b1614443a0 Uncommon trap: reason=loop_limit_check action=maybe_recompile pc=0x000001b170d7ae4c method=freemarker.core.FMParserTokenManager.jjAddStates(II)V @ 0 c2
Event: 481.292 Thread 0x000001b1614443a0 DEOPT PACKING pc=0x000001b170d7ae4c sp=0x0000007ee9afce90
Event: 481.292 Thread 0x000001b1614443a0 DEOPT UNPACKING pc=0x000001b168ff5c23 sp=0x0000007ee9afcd80 mode 2

Classes loaded (20 events):
Event: 449.689 Loading class org/testng/ITestResult
Event: 449.689 Loading class org/testng/ITestResult done
Event: 449.689 Loading class org/testng/ITestResult
Event: 449.689 Loading class org/testng/ITestResult done
Event: 449.692 Loading class org/testng/reporters/jq/ChronologicalPanel$1
Event: 449.692 Loading class org/testng/reporters/jq/ChronologicalPanel$1 done
Event: 449.695 Loading class org/testng/reporters/Files
Event: 449.695 Loading class org/testng/reporters/Files done
Event: 479.338 Loading class org/opencv/core/CvException
Event: 479.338 Loading class org/opencv/core/CvException done
Event: 480.783 Loading class java/util/WeakHashMap$KeyIterator
Event: 480.784 Loading class java/util/WeakHashMap$HashIterator
Event: 480.784 Loading class java/util/WeakHashMap$HashIterator done
Event: 480.784 Loading class java/util/WeakHashMap$KeyIterator done
Event: 480.785 Loading class javax/swing/RepaintManager$DisplayChangedRunnable
Event: 480.786 Loading class javax/swing/RepaintManager$DisplayChangedRunnable done
Event: 481.138 Loading class java/util/WeakHashMap$Values
Event: 481.138 Loading class java/util/WeakHashMap$Values done
Event: 481.138 Loading class java/util/WeakHashMap$ValueIterator
Event: 481.138 Loading class java/util/WeakHashMap$ValueIterator done

Classes unloaded (0 events):
No events

Classes redefined (0 events):
No events

Internal exceptions (20 events):
Event: 448.928 Thread 0x000001b1614443a0 Exception <a 'java/lang/ClassNotFoundException'{0x000000070b451a50}: com/aventstack/extentreports/model/LogBeanInfo> (0x000000070b451a50) 
thrown [s\src\hotspot\share\classfile\systemDictionary.cpp, line 255]
Event: 448.929 Thread 0x000001b1614443a0 Exception <a 'java/lang/ClassNotFoundException'{0x000000070b454948}: com/aventstack/extentreports/model/LogCustomizer> (0x000000070b454948) 
thrown [s\src\hotspot\share\classfile\systemDictionary.cpp, line 255]
Event: 448.932 Thread 0x000001b1614443a0 Exception <a 'java/lang/ClassNotFoundException'{0x000000070b475688}: com/aventstack/extentreports/viewdefs/IconBeanInfo> (0x000000070b475688) 
thrown [s\src\hotspot\share\classfile\systemDictionary.cpp, line 255]
Event: 448.934 Thread 0x000001b1614443a0 Exception <a 'java/lang/ClassNotFoundException'{0x000000070b478e18}: com/aventstack/extentreports/viewdefs/IconCustomizer> (0x000000070b478e18) 
thrown [s\src\hotspot\share\classfile\systemDictionary.cpp, line 255]
Event: 449.259 Thread 0x000001b1614443a0 Implicit null exception at 0x000001b170d1ebe7 to 0x000001b170d1ec8d
Event: 449.259 Thread 0x000001b1614443a0 Implicit null exception at 0x000001b170d1af00 to 0x000001b170d1afa1
Event: 449.259 Thread 0x000001b1614443a0 Exception <a 'java/lang/ClassNotFoundException'{0x000000070ae1cdb8}: com/aventstack/extentreports/model/SystemAttributeBeanInfo> (0x000000070ae1cdb8) 
thrown [s\src\hotspot\share\classfile\systemDictionary.cpp, line 255]
Event: 449.260 Thread 0x000001b1614443a0 Exception <a 'java/lang/ClassNotFoundException'{0x000000070ae1fd88}: com/aventstack/extentreports/model/AttributeBeanInfo> (0x000000070ae1fd88) 
thrown [s\src\hotspot\share\classfile\systemDictionary.cpp, line 255]
Event: 449.260 Thread 0x000001b1614443a0 Exception <a 'java/lang/ClassNotFoundException'{0x000000070ae22d48}: com/aventstack/extentreports/model/AttributeCustomizer> (0x000000070ae22d48) 
thrown [s\src\hotspot\share\classfile\systemDictionary.cpp, line 255]
Event: 449.262 Thread 0x000001b1614443a0 Exception <a 'java/lang/ClassNotFoundException'{0x000000070ae2b3a8}: com/aventstack/extentreports/model/SystemAttributeCustomizer> (0x000000070ae2b3a8) 
thrown [s\src\hotspot\share\classfile\systemDictionary.cpp, line 255]
Event: 449.651 Thread 0x000001b1614443a0 Exception <a 'java/lang/NoSuchMethodError'{0x000000070acc0390}: 'int java.lang.invoke.DirectMethodHandle$Holder.invokeSpecialIFC(java.lang.Object, java.lang.Object, java.lang.Object, java.lang.Object, java.lang.Object)'> (0x000000070acc0390) 
thrown [s\src\hotspot\share\interpreter\linkResolver.cpp, line 759]
Event: 449.653 Thread 0x000001b1614443a0 Exception <a 'java/lang/NoSuchMethodError'{0x000000070acca0d8}: 'int java.lang.invoke.DirectMethodHandle$Holder.invokeInterface(java.lang.Object, java.lang.Object)'> (0x000000070acca0d8) 
thrown [s\src\hotspot\share\interpreter\linkResolver.cpp, line 759]
Event: 455.876 Thread 0x000001b10d0793e0 Implicit null exception at 0x000001b170d35750 to 0x000001b170d35968
Event: 455.894 Thread 0x000001b10d0793e0 Implicit null exception at 0x000001b170abaeaa to 0x000001b170abca90
Event: 479.339 Thread 0x000001b10d0793e0 Exception <a 'org/opencv/core/CvException'{0x000000070fe04b28}: cv::Exception: OpenCV(4.3.0) C:\build\master_winpack-bindings-win64-vc14-static\opencv\modules\core\src\alloc.cpp:73: error: (-4:Insufficient memory) Failed to allocate 25229352 bytes in function 'cv::OutOfMemoryError'
> (0x000000070fe04b28) 
thrown [s\src\hotspot\share\prims\jni.cpp, line 535]
Event: 479.373 Thread 0x000001b10d0793e0 Exception <a 'org/opencv/core/CvException'{0x000000070fe0ebf8}: cv::Exception: OpenCV(4.3.0) C:\build\master_winpack-bindings-win64-vc14-static\opencv\modules\core\src\alloc.cpp:73: error: (-4:Insufficient memory) Failed to allocate 3800140 bytes in function 'cv::OutOfMemoryError'
> (0x000000070fe0ebf8) 
thrown [s\src\hotspot\share\prims\jni.cpp, line 535]
Event: 480.891 Thread 0x000001b10d0793e0 Exception <a 'org/opencv/core/CvException'{0x000000070fe00f10}: cv::Exception: OpenCV(4.3.0) C:\build\master_winpack-bindings-win64-vc14-static\opencv\modules\core\src\alloc.cpp:73: error: (-4:Insufficient memory) Failed to allocate 25229352 bytes in function 'cv::OutOfMemoryError'
> (0x000000070fe00f10) 
thrown [s\src\hotspot\share\prims\jni.cpp, line 535]
Event: 481.134 Thread 0x000001b10d0793e0 Exception <a 'org/opencv/core/CvException'{0x000000070fe09e48}: cv::Exception: OpenCV(4.3.0) C:\build\master_winpack-bindings-win64-vc14-static\opencv\modules\core\src\alloc.cpp:73: error: (-4:Insufficient memory) Failed to allocate 25229352 bytes in function 'cv::OutOfMemoryError'
> (0x000000070fe09e48) 
thrown [s\src\hotspot\share\prims\jni.cpp, line 535]
Event: 481.147 Thread 0x000001b1614443a0 Implicit null exception at 0x000001b170d22380 to 0x000001b170d22826
Event: 481.147 Thread 0x000001b1614443a0 Implicit null exception at 0x000001b170d1ffdb to 0x000001b170d203de

VM Operations (20 events):
Event: 467.442 Executing VM operation: G1TryInitiateConcMark
Event: 467.445 Executing VM operation: G1TryInitiateConcMark done
Event: 469.080 Executing VM operation: G1TryInitiateConcMark
Event: 469.083 Executing VM operation: G1TryInitiateConcMark done
Event: 470.456 Executing VM operation: G1TryInitiateConcMark
Event: 470.460 Executing VM operation: G1TryInitiateConcMark done
Event: 472.095 Executing VM operation: G1TryInitiateConcMark
Event: 472.098 Executing VM operation: G1TryInitiateConcMark done
Event: 473.483 Executing VM operation: G1TryInitiateConcMark
Event: 473.486 Executing VM operation: G1TryInitiateConcMark done
Event: 475.126 Executing VM operation: G1TryInitiateConcMark
Event: 475.129 Executing VM operation: G1TryInitiateConcMark done
Event: 476.504 Executing VM operation: G1TryInitiateConcMark
Event: 476.507 Executing VM operation: G1TryInitiateConcMark done
Event: 478.569 Executing VM operation: G1TryInitiateConcMark
Event: 478.572 Executing VM operation: G1TryInitiateConcMark done
Event: 479.584 Executing VM operation: Cleanup
Event: 479.584 Executing VM operation: Cleanup done
Event: 480.510 Executing VM operation: G1TryInitiateConcMark
Event: 480.511 Executing VM operation: G1TryInitiateConcMark done

Events (20 events):
Event: 439.380 Thread 0x000001b10d0780a0 Thread exited: 0x000001b10d0780a0
Event: 439.723 Thread 0x000001b10d077bd0 Thread added: 0x000001b10d077bd0
Event: 440.111 Thread 0x000001b10d076d60 Thread added: 0x000001b10d076d60
Event: 448.558 Thread 0x000001b10c4b0750 Thread exited: 0x000001b10c4b0750
Event: 448.736 Thread 0x000001b10895f9c0 Thread added: 0x000001b10895f9c0
Event: 449.546 Thread 0x000001b10d077bd0 Thread exited: 0x000001b10d077bd0
Event: 449.546 Thread 0x000001b10d076d60 Thread exited: 0x000001b10d076d60
Event: 449.586 Thread 0x000001b10895f9c0 Thread exited: 0x000001b10895f9c0
Event: 449.684 Thread 0x000001b10895f9c0 Thread added: 0x000001b10895f9c0
Event: 449.791 Thread 0x000001b10d0763c0 Thread added: 0x000001b10d0763c0
Event: 452.806 Thread 0x000001b10895f9c0 Thread exited: 0x000001b10895f9c0
Event: 455.870 Thread 0x000001b10d0793e0 Thread added: 0x000001b10d0793e0
Event: 455.871 Thread 0x000001b10b5bef70 Thread added: 0x000001b10b5bef70
Event: 455.948 Thread 0x000001b108026bf0 flushing nmethod 0x000001b169cb9710
Event: 455.948 Thread 0x000001b108026bf0 flushing nmethod 0x000001b169cc9910
Event: 455.949 Thread 0x000001b108026bf0 flushing nmethod 0x000001b169d27890
Event: 459.241 Thread 0x000001b10b5bef70 Thread exited: 0x000001b10b5bef70
Event: 459.781 Thread 0x000001b10d076890 Thread added: 0x000001b10d076890
Event: 481.139 Thread 0x000001b10d0793e0 Thread exited: 0x000001b10d0793e0
Event: 481.155 Thread 0x000001b108a66a30 Thread added: 0x000001b108a66a30


Dynamic libraries:
0x00007ff61ffd0000 - 0x00007ff61ffdd000 	C:\Program Files\Amazon Corretto\jdk18.0.2_9\bin\javaw.exe
0x00007ffd56bb0000 - 0x00007ffd56da8000 	C:\WINDOWS\SYSTEM32\ntdll.dll
0x00007ffd56140000 - 0x00007ffd561ff000 	C:\WINDOWS\System32\KERNEL32.DLL
0x00007ffd54310000 - 0x00007ffd545e2000 	C:\WINDOWS\System32\KERNELBASE.dll
0x00007ffd4fe60000 - 0x00007ffd4fef1000 	C:\WINDOWS\SYSTEM32\apphelp.dll
0x00007ffd54af0000 - 0x00007ffd54bf0000 	C:\WINDOWS\System32\ucrtbase.dll
0x00007ffd32590000 - 0x00007ffd325a5000 	C:\Program Files\Amazon Corretto\jdk18.0.2_9\bin\VCRUNTIME140.dll
0x00007ffd2c6f0000 - 0x00007ffd2c707000 	C:\Program Files\Amazon Corretto\jdk18.0.2_9\bin\jli.dll
0x00007ffd54bf0000 - 0x00007ffd54d91000 	C:\WINDOWS\System32\USER32.dll
0x00007ffd54ac0000 - 0x00007ffd54ae2000 	C:\WINDOWS\System32\win32u.dll
0x00007ffd54da0000 - 0x00007ffd54dcb000 	C:\WINDOWS\System32\GDI32.dll
0x00007ffd549b0000 - 0x00007ffd54abf000 	C:\WINDOWS\System32\gdi32full.dll
0x00007ffd51f50000 - 0x00007ffd521ea000 	C:\WINDOWS\WinSxS\amd64_microsoft.windows.common-controls_6595b64144ccf1df_6.0.19041.1110_none_60b5254171f9507e\COMCTL32.dll
0x00007ffd54910000 - 0x00007ffd549ad000 	C:\WINDOWS\System32\msvcp_win.dll
0x00007ffd55fe0000 - 0x00007ffd5607e000 	C:\WINDOWS\System32\msvcrt.dll
0x00007ffd55c70000 - 0x00007ffd55ca2000 	C:\WINDOWS\System32\IMM32.DLL
0x00007ffd540b0000 - 0x00007ffd540e8000 	C:\Program Files\Citrix\System32\MfApHook64.dll
0x00007ffd53fe0000 - 0x00007ffd53ff2000 	C:\Program Files\Citrix\IcaService\FullScreenHook64.dll
0x00007ffd56080000 - 0x00007ffd5612e000 	C:\WINDOWS\System32\ADVAPI32.dll
0x00007ffd56a20000 - 0x00007ffd56abc000 	C:\WINDOWS\System32\sechost.dll
0x00007ffd54ec0000 - 0x00007ffd54fe5000 	C:\WINDOWS\System32\RPCRT4.dll
0x00007ffd1a1f0000 - 0x00007ffd1a28b000 	C:\Program Files\Amazon Corretto\jdk18.0.2_9\bin\MSVCP140.dll
0x00007ffd53b00000 - 0x00007ffd53b2a000 	C:\Program Files\Citrix\ICAService\ShellHook64.dll
0x00007ffd56210000 - 0x00007ffd56265000 	C:\WINDOWS\System32\SHLWAPI.dll
0x00007ffd539f0000 - 0x00007ffd53aff000 	C:\Program Files\Citrix\IcaService\SCardHook64.dll
0x00007ffd53850000 - 0x00007ffd53870000 	C:\Program Files\Citrix\ICAService\cxinjime64.dll
0x00007ffd53820000 - 0x00007ffd53846000 	C:\Program Files\Citrix\ICAService\PicaWtsHook64.dll
0x00007ffcf6e50000 - 0x00007ffcf7ac1000 	C:\Program Files\Amazon Corretto\jdk18.0.2_9\bin\server\jvm.dll
0x00007ffd54dd0000 - 0x00007ffd54dd8000 	C:\WINDOWS\System32\PSAPI.DLL
0x00007ffd43a20000 - 0x00007ffd43a29000 	C:\WINDOWS\SYSTEM32\WSOCK32.dll
0x00007ffd557c0000 - 0x00007ffd5582b000 	C:\WINDOWS\System32\WS2_32.dll
0x00007ffd4c860000 - 0x00007ffd4c887000 	C:\WINDOWS\SYSTEM32\WINMM.dll
0x00007ffd53e90000 - 0x00007ffd53e9a000 	C:\WINDOWS\SYSTEM32\VERSION.dll
0x00007ffd521f0000 - 0x00007ffd52202000 	C:\WINDOWS\SYSTEM32\kernel.appcore.dll
0x00007ffd45fe0000 - 0x00007ffd45fea000 	C:\Program Files\Amazon Corretto\jdk18.0.2_9\bin\jimage.dll
0x00007ffd512d0000 - 0x00007ffd514b4000 	C:\WINDOWS\SYSTEM32\DBGHELP.DLL
0x00007ffd45b80000 - 0x00007ffd45bb5000 	C:\WINDOWS\SYSTEM32\dbgcore.DLL
0x00007ffd545f0000 - 0x00007ffd54672000 	C:\WINDOWS\System32\bcryptPrimitives.dll
0x0000000180000000 - 0x0000000180030000 	C:\WINDOWS\SYSTEM32\jvmhook.dll
0x00007ffd55ab0000 - 0x00007ffd55bda000 	C:\WINDOWS\System32\ole32.dll
0x00007ffd55460000 - 0x00007ffd557b5000 	C:\WINDOWS\System32\combase.dll
0x00007ffd55830000 - 0x00007ffd558fd000 	C:\WINDOWS\System32\OLEAUT32.dll
0x00007ffd32440000 - 0x00007ffd32465000 	C:\Program Files\Amazon Corretto\jdk18.0.2_9\bin\java.dll
0x00007ffd32420000 - 0x00007ffd32438000 	C:\Program Files\Amazon Corretto\jdk18.0.2_9\bin\zip.dll
0x00007ffcf6c90000 - 0x00007ffcf6d66000 	C:\Program Files\Amazon Corretto\jdk18.0.2_9\bin\jsvml.dll
0x00007ffd56270000 - 0x00007ffd569b4000 	C:\WINDOWS\System32\SHELL32.dll
0x00007ffd514c0000 - 0x00007ffd51c52000 	C:\WINDOWS\SYSTEM32\windows.storage.dll
0x00007ffd53460000 - 0x00007ffd53490000 	C:\WINDOWS\SYSTEM32\Wldp.dll
0x00007ffd55d30000 - 0x00007ffd55ddd000 	C:\WINDOWS\System32\SHCORE.dll
0x00007ffd541e0000 - 0x00007ffd541ff000 	C:\WINDOWS\SYSTEM32\profapi.dll
0x00007ffd29480000 - 0x00007ffd29493000 	C:\Program Files\Amazon Corretto\jdk18.0.2_9\bin\net.dll
0x00007ffd52a20000 - 0x00007ffd52b2c000 	C:\WINDOWS\SYSTEM32\WINHTTP.dll
0x00007ffd53170000 - 0x00007ffd531da000 	C:\WINDOWS\system32\mswsock.dll
0x00007ffd19750000 - 0x00007ffd19765000 	C:\Program Files\Amazon Corretto\jdk18.0.2_9\bin\nio.dll
0x00007ffcf6740000 - 0x00007ffcf68e7000 	C:\Program Files\Amazon Corretto\jdk18.0.2_9\bin\awt.dll
0x00007ffd50480000 - 0x00007ffd504af000 	C:\WINDOWS\system32\DWMAPI.DLL
0x00007ffd50280000 - 0x00007ffd5031e000 	C:\WINDOWS\system32\uxtheme.dll
0x00007ffd1a0c0000 - 0x00007ffd1a1e5000 	C:\WINDOWS\system32\opengl32.dll
0x00007ffd2c070000 - 0x00007ffd2c09c000 	C:\WINDOWS\SYSTEM32\GLU32.dll
0x00007ffd55de0000 - 0x00007ffd55ef5000 	C:\WINDOWS\System32\MSCTF.dll
0x00007ffd4c670000 - 0x00007ffd4c6ab000 	C:\WINDOWS\SYSTEM32\dxcore.dll
0x00007ffd54730000 - 0x00007ffd5477e000 	C:\WINDOWS\System32\cfgmgr32.dll
0x00007ffd53360000 - 0x00007ffd53378000 	C:\WINDOWS\SYSTEM32\CRYPTSP.dll
0x00007ffd52990000 - 0x00007ffd529c4000 	C:\WINDOWS\system32\rsaenh.dll
0x00007ffd54780000 - 0x00007ffd547a7000 	C:\WINDOWS\System32\bcrypt.dll
0x00007ffd54110000 - 0x00007ffd5413e000 	C:\WINDOWS\SYSTEM32\USERENV.dll
0x00007ffd53380000 - 0x00007ffd5338c000 	C:\WINDOWS\SYSTEM32\CRYPTBASE.dll
0x00007ffd52e70000 - 0x00007ffd52eab000 	C:\WINDOWS\SYSTEM32\IPHLPAPI.DLL
0x00007ffd56200000 - 0x00007ffd56208000 	C:\WINDOWS\System32\NSI.dll
0x00007ffd4e020000 - 0x00007ffd4e037000 	C:\WINDOWS\SYSTEM32\dhcpcsvc6.DLL
0x00007ffd4df50000 - 0x00007ffd4df6d000 	C:\WINDOWS\SYSTEM32\dhcpcsvc.DLL
0x00007ffd52eb0000 - 0x00007ffd52f7a000 	C:\WINDOWS\SYSTEM32\DNSAPI.dll
0x00007ffd2b0e0000 - 0x00007ffd2b121000 	C:\Users\X023840\AppData\Local\Temp\jna--2082104581\jna15224561739493811799.dll
0x00007ffd323c0000 - 0x00007ffd323d0000 	C:\Program Files\Amazon Corretto\jdk18.0.2_9\bin\verify.dll
0x00007ffcebad0000 - 0x00007ffceead1000 	C:\Users\X023840\AppData\Roaming\Sikulix\SikulixLibs\opencv_java430.dll
0x00007ffd15760000 - 0x00007ffd1591c000 	C:\WINDOWS\SYSTEM32\MFPlat.DLL
0x00007ffd0fc40000 - 0x00007ffd0fcc4000 	C:\WINDOWS\SYSTEM32\MF.dll
0x00007ffcf6270000 - 0x00007ffcf637a000 	C:\WINDOWS\SYSTEM32\MFReadWrite.dll
0x00007ffd0f5a0000 - 0x00007ffd0fa2e000 	C:\WINDOWS\SYSTEM32\MFCORE.DLL
0x00007ffd547b0000 - 0x00007ffd54906000 	C:\WINDOWS\System32\CRYPT32.dll
0x00007ffd54190000 - 0x00007ffd541db000 	C:\WINDOWS\SYSTEM32\powrprof.dll
0x00007ffd32510000 - 0x00007ffd32519000 	C:\WINDOWS\SYSTEM32\ksuser.dll
0x00007ffd32540000 - 0x00007ffd32574000 	C:\WINDOWS\SYSTEM32\RTWorkQ.DLL
0x00007ffd540f0000 - 0x00007ffd54102000 	C:\WINDOWS\SYSTEM32\UMPDC.dll
0x00007ffd1a030000 - 0x00007ffd1a0b3000 	C:\Program Files\Amazon Corretto\jdk18.0.2_9\bin\freetype.dll
0x00007ffcf7ad0000 - 0x00007ffcf7b75000 	C:\Program Files\Amazon Corretto\jdk18.0.2_9\bin\fontmanager.dll
0x00007ffd4b140000 - 0x00007ffd4b239000 	C:\WINDOWS\SYSTEM32\textinputframework.dll
0x00007ffd4f740000 - 0x00007ffd4fa9e000 	C:\WINDOWS\System32\CoreUIComponents.dll
0x00007ffd4fbf0000 - 0x00007ffd4fce2000 	C:\WINDOWS\System32\CoreMessaging.dll
0x00007ffd52b30000 - 0x00007ffd52b63000 	C:\WINDOWS\SYSTEM32\ntmarta.dll
0x00007ffd4ece0000 - 0x00007ffd4ee34000 	C:\WINDOWS\SYSTEM32\wintypes.dll
0x00007ffd47470000 - 0x00007ffd47487000 	C:\WINDOWS\system32\napinsp.dll
0x00007ffd47450000 - 0x00007ffd4746b000 	C:\WINDOWS\system32\pnrpnsp.dll
0x00007ffd47410000 - 0x00007ffd47425000 	C:\WINDOWS\system32\wshbth.dll
0x00007ffd4ebc0000 - 0x00007ffd4ebdd000 	C:\WINDOWS\system32\NLAapi.dll
0x00007ffd47490000 - 0x00007ffd474a2000 	C:\WINDOWS\System32\winrnr.dll
0x00007ffd4ca30000 - 0x00007ffd4ca3a000 	C:\Windows\System32\rasadhlp.dll
0x00007ffd4e0f0000 - 0x00007ffd4e170000 	C:\WINDOWS\System32\fwpuclnt.dll
0x00007ffd42ab0000 - 0x00007ffd42b5c000 	C:\WINDOWS\SYSTEM32\TextShaping.dll

dbghelp: loaded successfully - version: 4.0.5 - missing functions: none
symbol engine: initialized successfully - sym options: 0x614 - pdb path: .;C:\Program Files\Amazon Corretto\jdk18.0.2_9\bin;C:\WINDOWS\SYSTEM32;C:\WINDOWS\WinSxS\amd64_microsoft.windows.common-controls_6595b64144ccf1df_6.0.19041.1110_none_60b5254171f9507e;C:\Program Files\Citrix\System32;C:\Program Files\Citrix\IcaService;C:\Program Files\Amazon Corretto\jdk18.0.2_9\bin\server;C:\Users\X023840\AppData\Local\Temp\jna--2082104581;C:\Users\X023840\AppData\Roaming\Sikulix\SikulixLibs

VM Arguments:
jvm_args: -agentlib:jvmhook -Dfile.encoding=UTF-8 -XX:+ShowCodeDetailsInExceptionMessages -Xrunjvmhook -Xbootclasspath/a:C:\Program Files (x86)\Micro Focus\Unified Functional Testing\bin\java_shared\classes\jasmine.jar 
java_command: testPackage.MainRunner
java_class_path (initial): C:\Users\X023840\git\Fastwire_Sikuli\LYNX_Automation\target\test-classes;C:\Users\X023840\git\Fastwire_Sikuli\LYNX_Automation\target\classes;C:\Users\X023840\Downloads\sikulixide-2.0.5-win.jar;C:\Users\X023840\.p2\pool\plugins\org.testng_7.4.0.r202105021533.jar;C:\Users\X023840\.p2\pool\plugins\com.beust.jcommander_1.78.0.jar;C:\Users\X023840\.p2\pool\plugins\org.apache-extras.beanshell.bsh_2.0.0.b6.jar;C:\Users\X023840\.p2\pool\plugins\org.yaml.snakeyaml_1.27.0.v20201111-1638.jar;C:\Users\X023840\.p2\pool\plugins\org.webjars.jquery_3.5.1.jar;C:\Users\X023840\.m2\repository\org\testng\testng\7.3.0\testng-7.3.0.jar;C:\Users\X023840\.m2\repository\com\beust\jcommander\1.78\jcommander-1.78.jar;C:\Users\X023840\.m2\repository\org\apache\ant\ant\1.10.3\ant-1.10.3.jar;C:\Users\X023840\.m2\repository\org\apache\ant\ant-launcher\1.10.3\ant-launcher-1.10.3.jar;C:\Users\X023840\.m2\repository\junit\junit\4.12\junit-4.12.jar;C:\Users\X023840\.m2\repository\org\hamcrest\hamcrest-core\1.3\hamcrest-core-1.3.jar;C:\Users\X023840\.m2\repository\com\google\inject\guice\4.2.2\guice-4.2.2-no_aop.jar;C:\Users\X023840\.m2\repository\javax\inject\javax.inject\1\javax.inject-1.jar;C:\Users\X023840\.m2\repository\aopalliance\aopalliance\1.0\aopalliance-1.0.jar;C:\Users\X023840\.m2\repository\com\google\guava\guava\25.1-android\guava-25.1-android.jar;C:\Users\X023840\.m2\repository\com\google\code\findbugs\jsr305\3.0.2\jsr305-3.0.2.jar;C:\Users\X023840\.m2\repository\org\checkerframework\checker-compat-qual\2.0.0\checker-compat-qual-2.0.0.jar;C:\Users\X023840\.m2\repository\com\google\errorprone\error_prone_annotations\2.1.3\error_prone_annotations-2.1.3.jar;C:\Users\X023840\.m2\repository\com\google\j2objc\j2objc-annotations\1.1\j2objc-annotations-1.1.jar;C:\Users\X023840\.m2\repository\org\codehaus\mojo\animal-sniffer-annotations\1.14\animal-sniffer-annotations-1.14.jar;C:\Users\X023840\.m2\repository\org\yaml\snakeyaml\1.21\snakeyaml-1.21.jar;C:\Users\X023840\.m2\repository\com\aventstack\extentreports\3.1.5\extentreports-3.1.5.jar;C:\Users\X023840\.m2\repository\org\freemarker\freemarker\2.3.23\freemarker-2.3.23.jar;C:\Users\X023840\.m2\repository\org\mongodb\mongodb-driver\3.3.0\mongodb-driver-3.3.0.jar;C:\Users\X023840\.m2\repository\org\mongodb\bson\3.3.0\bson-3.3.0.jar;C:\Users\X023840\.m2\repository\org\mongodb\mongodb-driver-core\3.3.0\mongodb-driver-core-3.3.0.jar;C:\Users\X023840\.m2\repository\org\apache\httpcomponents\httpclient\4.5.2\httpclient-4.5.2.jar;C:\Users\X023840\.m2\repository\org\apache\httpcomponents\httpcore\4.4.4\httpcore-4.4.4.jar;C:\Users\X023840\.m2\repository\commons-logging\commons-logging\1.2\commons-logging-1.2.jar;C:\Users\X023840\.m2\repository\commons-codec\commons-codec\1.9\commons-codec-1.9.jar;C:\Users\X023840\.m2\repository\org\apache\httpcomponents\httpmime\4.5.2\httpmime-4.5.2.jar;C:\Users\X023840\.m2\repository\org\jsoup\jsoup\1.9.2\jsoup-1.9.2.jar;C:\Users\X023840\.m2\repository\com\google\code\gson\gson\2.8.0\gson-2.8.0.jar;C:\Users\X023840\.m2\repository\com\sikulix\sikulixapi\2.0.5\sikulixapi-2.0.5.jar;C:\Users\X023840\.m2\repository\org\python\jython-slim\2.7.2\jython-slim-2.7.2.jar;C:\Users\X023840\.m2\repository\org\antlr\antlr\3.5.2\antlr-3.5.2.jar;C:\Users\X023840\.m2\repository\org\antlr\ST4\4.0.8\ST4-4.0.8.jar;C:\Users\X023840\.m2\repository\javax\servlet\javax.servlet-api\3.1.0\javax.servlet-api-3.1.0.jar;C:\Users\X023840\.m2\repository\org\antlr\antlr-runtime\3.5.2\antlr-runtime-3.5.2.jar;C:\Users\X023840\.m2\repository\org\apache\commons\commons-compress\1.19\commons-compress-1.19.jar;C:\Users\X023840\.m2\repository\org\bouncycastle\bcpkix-jdk15on\1.62\bcpkix-jdk15on-1.62.jar;C:\Users\X023840\.m2\repository\org\bouncycastle\bcprov-jdk15on\1.62\bcprov-jdk15on-1.62.jar;C:\Users\X023840\.m2\repository\org\ow2\asm\asm\7.1\asm-7.1.jar;C:\Users\X023840\.m2\repository\org\ow2\asm\asm-commons\7.1\asm-commons-7.1.jar;C:\Users\X023840\.m2\repository\org\ow2\asm\asm-tree\7.1\asm-tree-7.1.jar;C:\Users\X023840\.m2\repository\org\ow2\asm\asm-analysis\7.1\asm-analysis-7.1.jar;C:\Users\X023840\.m2\repository\org\ow2\asm\asm-util\7.1\asm-util-7.1.jar;C:\Users\X023840\.m2\repository\com\google\guava\failureaccess\1.0.1\failureaccess-1.0.1.jar;C:\Users\X023840\.m2\repository\com\ibm\icu\icu4j\59.1\icu4j-59.1.jar;C:\Users\X023840\.m2\repository\com\carrotsearch\java-sizeof\0.0.5\java-sizeof-0.0.5.jar;C:\Users\X023840\.m2\repository\com\github\jnr\jffi\1.2.20\jffi-1.2.20.jar;C:\Users\X023840\.m2\repository\com\github\jnr\jnr-netdb\1.1.6\jnr-netdb-1.1.6.jar;C:\Users\X023840\.m2\repository\com\github\jnr\jnr-ffi\2.1.10\jnr-ffi-2.1.10.jar;C:\Users\X023840\.m2\repository\com\github\jnr\jffi\1.2.19\jffi-1.2.19-native.jar;C:\Users\X023840\.m2\repository\com\github\jnr\jnr-a64asm\1.0.0\jnr-a64asm-1.0.0.jar;C:\Users\X023840\.m2\repository\com\github\jnr\jnr-x86asm\1.0.2\jnr-x86asm-1.0.2.jar;C:\Users\X023840\.m2\repository\com\github\jnr\jnr-posix\3.0.50\jnr-posix-3.0.50.jar;C:\Users\X023840\.m2\repository\com\github\jnr\jnr-constants\0.9.12\jnr-constants-0.9.12.jar;C:\Users\X023840\.m2\repository\jline\jline\2.14.5\jline-2.14.5.jar;C:\Users\X023840\.m2\repository\io\netty\netty-buffer\4.1.45.Final\netty-buffer-4.1.45.Final.jar;C:\Users\X023840\.m2\repository\io\netty\netty-codec\4.1.45.Final\netty-codec-4.1.45.Final.jar;C:\Users\X023840\.m2\repository\io\netty\netty-common\4.1.45.Final\netty-common-4.1.45.Final.jar;C:\Users\X023840\.m2\repository\io\netty\netty-handler\4.1.45.Final\netty-handler-4.1.45.Final.jar;C:\Users\X023840\.m2\repository\io\netty\netty-resolver\4.1.45.Final\netty-resolver-4.1.45.Final.jar;C:\Users\X023840\.m2\repository\io\netty\netty-transport\4.1.45.Final\netty-transport-4.1.45.Final.jar;C:\Users\X023840\.m2\repository\com\sikulix\sikulix2tigervnc\1.1.4\sikulix2tigervnc-1.1.4.jar;C:\Users\X023840\.m2\repository\org\openpnp\opencv\4.3.0-3\opencv-4.3.0-3.jar;C:\Users\X023840\.m2\repository\commons-cli\commons-cli\1.4\commons-cli-1.4.jar;C:\Users\X023840\.m2\repository\org\apache\commons\commons-exec\1.3\commons-exec-1.3.jar;C:\Users\X023840\.m2\repository\net\java\dev\jna\jna-platform\5.6.0\jna-platform-5.6.0.jar;C:\Users\X023840\.m2\repository\net\java\dev\jna\jna\5.6.0\jna-5.6.0.jar;C:\Users\X023840\.m2\repository\net\oneandone\reflections8\reflections8\0.11.6\reflections8-0.11.6.jar;C:\Users\X023840\.m2\repository\org\javassist\javassist\3.22.0-GA\javassist-3.22.0-GA.jar;C:\Users\X023840\.m2\repository\net\sourceforge\tess4j\tess4j\4.5.4\tess4j-4.5.4.jar;C:\Users\X023840\.m2\repository\com\github\jai-imageio\jai-imageio-core\1.4.0\jai-imageio-core-1.4.0.jar;C:\Users\X023840\.m2\repository\org\ghost4j\ghost4j\1.0.1\ghost4j-1.0.1.jar;C:\Users\X023840\.m2\repository\log4j\log4j\1.2.17\log4j-1.2.17.jar;C:\Users\X023840\.m2\repository\commons-beanutils\commons-beanutils\1.9.2\commons-beanutils-1.9.2.jar;C:\Users\X023840\.m2\repository\commons-collections\commons-collections\3.2.1\commons-collections-3.2.1.jar;C:\Users\X023840\.m2\repository\org\apache\xmlgraphics\xmlgraphics-commons\1.4\xmlgraphics-commons-1.4.jar;C:\Users\X023840\.m2\repository\com\lowagie\itext\2.1.7\itext-2.1.7.jar;C:\Users\X023840\.m2\repository\org\apache\pdfbox\pdfbox\2.0.21\pdfbox-2.0.21.jar;C:\Users\X023840\.m2\repository\org\apache\pdfbox\fontbox\2.0.21\fontbox-2.0.21.jar;C:\Users\X023840\.m2\repository\org\apache\pdfbox\pdfbox-tools\2.0.21\pdfbox-tools-2.0.21.jar;C:\Users\X023840\.m2\repository\org\apache\pdfbox\pdfbox-debugger\2.0.21\pdfbox-debugger-2.0.21.jar;C:\Users\X023840\.m2\repository\org\apache\pdfbox\jbig2-imageio\3.0.3\jbig2-imageio-3.0.3.jar;C:\Users\X023840\.m2\repository\commons-io\commons-io\2.8.0\commons-io-2.8.0.jar;C:\Users\X023840\.m2\repository\net\sourceforge\lept4j\lept4j\1.13.2\lept4j-1.13.2.jar;C:\Users\X023840\.m2\repository\org\jboss\jboss-vfs\3.2.15.Final\jboss-vfs-3.2.15.Final.jar;C:\Users\X023840\.m2\repository\org\jboss\logging\jboss-logging\3.1.4.GA\jboss-logging-3.1.4.GA.jar;C:\Users\X023840\.m2\repository\org\slf4j\slf4j-api\1.7.30\slf4j-api-1.7.30.jar;C:\Users\X023840\.m2\repository\org\slf4j\slf4j-nop\1.7.28\slf4j-nop-1.7.28.jar;C:\Users\X023840\.m2\repository\net\sf\py4j\py4j\0.10.9.1\py4j-0.10.9.1.jar;C:\Users\X023840\.m2\repository\org\apache\poi\poi-ooxml\3.17\poi-ooxml-3.17.jar;C:\Users\X023840\.m2\repository\org\apache\poi\poi\3.17\poi-3.17.jar;C:\Users\X023840\.m2\repository\org\apache\commons\commons-collections4\4.1\commons-collections4-4.1.jar;C:\Users\X023840\.m2\repository\org\apache\poi\poi-ooxml-schemas\3.17\poi-ooxml-schemas-3.17.jar;C:\Users\X023840\.m2\repository\org\apache\xmlbeans\xmlbeans\2.6.0\xmlbeans-2.6.0.jar;C:\Users\X023840\.m2\repository\stax\stax-api\1.0.1\stax-api-1.0.1.jar;C:\Users\X023840\.m2\repository\com\github\virtuald\curvesapi\1.04\curvesapi-1.04.jar
Launcher Type: SUN_STANDARD

[Global flags]
     intx CICompilerCount                          = 3                                         {product} {ergonomic}
     uint ConcGCThreads                            = 1                                         {product} {ergonomic}
     uint G1ConcRefinementThreads                  = 4                                         {product} {ergonomic}
   size_t G1HeapRegionSize                         = 2097152                                   {product} {ergonomic}
    uintx GCDrainStackTargetSize                   = 64                                        {product} {ergonomic}
   size_t InitialHeapSize                          = 268435456                                 {product} {ergonomic}
   size_t MarkStackSize                            = 4194304                                   {product} {ergonomic}
   size_t MaxHeapSize                              = 4294967296                                {product} {ergonomic}
   size_t MaxNewSize                               = 2575302656                                {product} {ergonomic}
   size_t MinHeapDeltaBytes                        = 2097152                                   {product} {ergonomic}
   size_t MinHeapSize                              = 8388608                                   {product} {ergonomic}
    uintx NonNMethodCodeHeapSize                   = 5832780                                {pd product} {ergonomic}
    uintx NonProfiledCodeHeapSize                  = 122912730                              {pd product} {ergonomic}
    uintx ProfiledCodeHeapSize                     = 122912730                              {pd product} {ergonomic}
    uintx ReservedCodeCacheSize                    = 251658240                              {pd product} {ergonomic}
     bool SegmentedCodeCache                       = true                                      {product} {ergonomic}
     bool ShowCodeDetailsInExceptionMessages       = true                                   {manageable} {command line}
   size_t SoftMaxHeapSize                          = 4294967296                             {manageable} {ergonomic}
     bool UseCompressedClassPointers               = true                           {product lp64_product} {ergonomic}
     bool UseCompressedOops                        = true                           {product lp64_product} {ergonomic}
     bool UseG1GC                                  = true                                      {product} {ergonomic}
     bool UseLargePagesIndividualAllocation        = false                                  {pd product} {ergonomic}

Logging:
Log output configuration:
 #0: stdout all=warning uptime,level,tags foldmultilines=false
 #1: stderr all=off uptime,level,tags foldmultilines=false

Environment Variables:
JAVA_HOME=C:\Program Files\Amazon Corretto\jdk18.0.2_9
JAVA_TOOL_OPTIONS=-agentlib:jvmhook
_JAVA_OPTIONS=-Xrunjvmhook -Xbootclasspath/a:"C:\Program Files (x86)\Micro Focus\Unified Functional Testing\bin\java_shared\classes\jasmine.jar"
PATH=C:/Program Files/Amazon Corretto/jdk18.0.2_9/bin/server;C:/Program Files/Amazon Corretto/jdk18.0.2_9/bin;C:\Python310\Scripts\;C:\Python310\;C:\WINDOWS\system32;C:\WINDOWS;C:\WINDOWS\System32\Wbem;C:\WINDOWS\System32\WindowsPowerShell\v1.0\;C:\WINDOWS\System32\OpenSSH\;C:\Program Files\Citrix\System32\;C:\Program Files\Citrix\ICAService\;C:\Program Files\Citrix\Virtual Desktop Agent\;C:\Program Files\nodejs\;C:\ProgramData\chocolatey\bin;C:\Program Files (x86)\Micro Focus\Unified Functional Testing\bin;C:\Program Files\apache-maven-3.8.4\bin;C:\Program Files\Git\cmd;C:\Program Files\Amazon Corretto\jdk18.0.2_9\bin;C:\Program Files (x86)\dotnet\;C:\Users\X023840\AppData\Local\Microsoft\WindowsApps;C:\Users\X023840\AppData\Roaming\npm;C:\WINDOWS\system32;;C:\Program Files (x86)\Micro Focus\Unified Functional Testing\\bin64
USERNAME=X023840
OS=Windows_NT
PROCESSOR_IDENTIFIER=Intel64 Family 6 Model 106 Stepping 6, GenuineIntel



---------------  S Y S T E M  ---------------

OS:
 Windows 10 , 64 bit Build 19041 (10.0.19041.2364)
OS uptime: 0 days 12:57 hours
Hyper-V virtualization detected

CPU: total 4 (initial active 4) (2 cores per cpu, 2 threads per core) family 6 model 106 stepping 6 microcode 0xffffffff, cx8, cmov, fxsr, ht, mmx, 3dnowpref, sse, sse2, sse3, ssse3, sse4.1, sse4.2, popcnt, lzcnt, tsc, avx, avx2, aes, erms, clmul, bmi1, bmi2, rtm, adx, avx512f, avx512dq, avx512cd, avx512bw, avx512vl, fma, vzeroupper, clflush, clflushopt, hv

Memory: 4k page, system-wide physical 16383M (829M free)
TotalPageFile size 20479M (AvailPageFile size 10M)
current process WorkingSet (physical memory assigned to process): 327M, peak: 448M
current process commit charge ("private bytes"): 382M, peak: 531M

vm_info: OpenJDK 64-Bit Server VM (18.0.2+9-FR) for windows-amd64 JRE (18.0.2+9-FR), built on Jul 15 2022 20:03:03 by "Administrator" with MS VC++ 15.9 (VS2017)

END.
